1534492967958	geckodriver	INFO	geckodriver 0.21.0
1534492967967	geckodriver	INFO	Listening on 127.0.0.1:53766
1534492971006	mozrunner::runner	INFO	Running command: "C:\\Program Files\\Mozilla Firefox\\firefox.exe" "-marionette" "-foreground" "-no-remote" "-profile" "C:\\Users\\thorn\\AppData\\Local\\Temp\\rust_mozprofile.4fPsvY9zmQVn"
Unable to read VR Path Registry from C:\Users\thorn\AppData\Local\openvr\openvrpaths.vrpath
Unable to read VR Path Registry from C:\Users\thorn\AppData\Local\openvr\openvrpaths.vrpath
Unable to read VR Path Registry from C:\Users\thorn\AppData\Local\openvr\openvrpaths.vrpath
Unable to read VR Path Registry from C:\Users\thorn\AppData\Local\openvr\openvrpaths.vrpath
Unable to read VR Path Registry from C:\Users\thorn\AppData\Local\openvr\openvrpaths.vrpath
1534492972601	Marionette	INFO	Listening on port 54041
1534492972641	Marionette	WARN	TLS certificate errors will be ignored for this session
console.warn: LoginRecipes: getRecipes: falling back to a synchronous message for: https://www.facebook.com
console.warn: nsLoginManager: searchLogins: `formSubmitURL` or `httpRealm` is recommended
console.warn: LoginRecipes: getRecipes: falling back to a synchronous message for: https://www.facebook.com
console.warn: nsLoginManager: searchLogins: `formSubmitURL` or `httpRealm` is recommended
console.warn: LoginRecipes: getRecipes: falling back to a synchronous message for: https://www.facebook.com
console.warn: nsLoginManager: searchLogins: `formSubmitURL` or `httpRealm` is recommended
console.warn: LoginRecipes: getRecipes: falling back to a synchronous message for: https://www.facebook.com
console.warn: nsLoginManager: searchLogins: `formSubmitURL` or `httpRealm` is recommended
JavaScript error: https://assets.guim.co.uk/javascripts/acfd8e723f91a84387d3/graun.commercial.js, line 1: Error: KRUX: idv -> 'no identifier found for user'
console.error: "Got a removal of an actor we didn't know about: server1.conn0.child1/domnode445"
Handler function DebuggerProgressListener.prototype.onStateChange threw an exception: [Exception... "Component returned failure code: 0x80004002 (NS_NOINTERFACE) [nsIWebProgress.DOMWindow]"  nsresult: "0x80004002 (NS_NOINTERFACE)"  location: "JS frame :: resource://devtools/shared/base-loader.js -> resource://devtools/server/actors/tab.js :: _docShellToWindow :: line 781"  data: no]
Stack: _docShellToWindow@resource://devtools/shared/base-loader.js -> resource://devtools/server/actors/tab.js:781:9
_docShellsToWindows/<@resource://devtools/shared/base-loader.js -> resource://devtools/server/actors/tab.js:805:38
_docShellsToWindows@resource://devtools/shared/base-loader.js -> resource://devtools/server/actors/tab.js:805:12
_notifyDocShellsUpdate@resource://devtools/shared/base-loader.js -> resource://devtools/server/actors/tab.js:809:19
DebuggerProgressListener.prototype.onStateChange<@resource://devtools/shared/base-loader.js -> resource://devtools/server/actors/tab.js:1664:7
exports.makeInfallible/<@resource://devtools/shared/base-loader.js -> resource://devtools/shared/ThreadSafeDevToolsUtils.js:109:14
Line: 781, column: 0
console.error: "Handler function DebuggerProgressListener.prototype.onStateChange threw an exception: [Exception... \"Component returned failure code: 0x80004002 (NS_NOINTERFACE) [nsIWebProgress.DOMWindow]\"  nsresult: \"0x80004002 (NS_NOINTERFACE)\"  location: \"JS frame :: resource://devtools/shared/base-loader.js -> resource://devtools/server/actors/tab.js :: _docShellToWindow :: line 781\"  data: no]\nStack: _docShellToWindow@resource://devtools/shared/base-loader.js -> resource://devtools/server/actors/tab.js:781:9\n_docShellsToWindows/<@resource://devtools/shared/base-loader.js -> resource://devtools/server/actors/tab.js:805:38\n_docShellsToWindows@resource://devtools/shared/base-loader.js -> resource://devtools/server/actors/tab.js:805:12\n_notifyDocShellsUpdate@resource://devtools/shared/base-loader.js -> resource://devtools/server/actors/tab.js:809:19\nDebuggerProgressListener.prototype.onStateChange<@resource://devtools/shared/base-loader.js -> resource://devtools/server/actors/tab.js:1664:7\nexports.makeInfallible/<@resource://devtools/shared/base-loader.js -> resource://devtools/shared/ThreadSafeDevToolsUtils.js:109:14\nLine: 781, column: 0"
Handler function DebuggerProgressListener.prototype.onStateChange threw an exception: [Exception... "Component returned failure code: 0x80004002 (NS_NOINTERFACE) [nsIWebProgress.DOMWindow]"  nsresult: "0x80004002 (NS_NOINTERFACE)"  location: "JS frame :: resource://devtools/shared/base-loader.js -> resource://devtools/server/actors/tab.js :: DebuggerProgressListener.prototype.onStateChange< :: line 1667"  data: no]
Stack: DebuggerProgressListener.prototype.onStateChange<@resource://devtools/shared/base-loader.js -> resource://devtools/server/actors/tab.js:1667:9
exports.makeInfallible/<@resource://devtools/shared/base-loader.js -> resource://devtools/shared/ThreadSafeDevToolsUtils.js:109:14
Line: 1667, column: 0
console.error: "Handler function DebuggerProgressListener.prototype.onStateChange threw an exception: [Exception... \"Component returned failure code: 0x80004002 (NS_NOINTERFACE) [nsIWebProgress.DOMWindow]\"  nsresult: \"0x80004002 (NS_NOINTERFACE)\"  location: \"JS frame :: resource://devtools/shared/base-loader.js -> resource://devtools/server/actors/tab.js :: DebuggerProgressListener.prototype.onStateChange< :: line 1667\"  data: no]\nStack: DebuggerProgressListener.prototype.onStateChange<@resource://devtools/shared/base-loader.js -> resource://devtools/server/actors/tab.js:1667:9\nexports.makeInfallible/<@resource://devtools/shared/base-loader.js -> resource://devtools/shared/ThreadSafeDevToolsUtils.js:109:14\nLine: 1667, column: 0"
[Parent 21852, Gecko_IOThread] WARNING: pipe error: 109: file z:/build/build/src/ipc/chromium/src/chrome/common/ipc_channel_win.cc, line 346

###!!! [Parent][DispatchAsyncMessage] Error: PClientSourceOp::Msg___delete__ Route error: message sent to unknown actor ID


###!!! [Parent][DispatchAsyncMessage] Error: PClientSourceOp::Msg___delete__ Route error: message sent to unknown actor ID

console.error: "Got a removal of an actor we didn't know about: server1.conn0.child1/domnode1316"

###!!! [Parent][DispatchAsyncMessage] Error: PClientSourceOp::Msg___delete__ Route error: message sent to unknown actor ID

Handler function DebuggerProgressListener.prototype.onStateChange threw an exception: [Exception... "Component returned failure code: 0x80004002 (NS_NOINTERFACE) [nsIWebProgress.DOMWindow]"  nsresult: "0x80004002 (NS_NOINTERFACE)"  location: "JS frame :: resource://devtools/shared/base-loader.js -> resource://devtools/server/actors/tab.js :: _docShellToWindow :: line 781"  data: no]
Stack: _docShellToWindow@resource://devtools/shared/base-loader.js -> resource://devtools/server/actors/tab.js:781:9
_docShellsToWindows/<@resource://devtools/shared/base-loader.js -> resource://devtools/server/actors/tab.js:805:38
_docShellsToWindows@resource://devtools/shared/base-loader.js -> resource://devtools/server/actors/tab.js:805:12
_notifyDocShellsUpdate@resource://devtools/shared/base-loader.js -> resource://devtools/server/actors/tab.js:809:19
DebuggerProgressListener.prototype.onStateChange<@resource://devtools/shared/base-loader.js -> resource://devtools/server/actors/tab.js:1664:7
exports.makeInfallible/<@resource://devtools/shared/base-loader.js -> resource://devtools/shared/ThreadSafeDevToolsUtils.js:109:14
Line: 781, column: 0
console.error: "Handler function DebuggerProgressListener.prototype.onStateChange threw an exception: [Exception... \"Component returned failure code: 0x80004002 (NS_NOINTERFACE) [nsIWebProgress.DOMWindow]\"  nsresult: \"0x80004002 (NS_NOINTERFACE)\"  location: \"JS frame :: resource://devtools/shared/base-loader.js -> resource://devtools/server/actors/tab.js :: _docShellToWindow :: line 781\"  data: no]\nStack: _docShellToWindow@resource://devtools/shared/base-loader.js -> resource://devtools/server/actors/tab.js:781:9\n_docShellsToWindows/<@resource://devtools/shared/base-loader.js -> resource://devtools/server/actors/tab.js:805:38\n_docShellsToWindows@resource://devtools/shared/base-loader.js -> resource://devtools/server/actors/tab.js:805:12\n_notifyDocShellsUpdate@resource://devtools/shared/base-loader.js -> resource://devtools/server/actors/tab.js:809:19\nDebuggerProgressListener.prototype.onStateChange<@resource://devtools/shared/base-loader.js -> resource://devtools/server/actors/tab.js:1664:7\nexports.makeInfallible/<@resource://devtools/shared/base-loader.js -> resource://devtools/shared/ThreadSafeDevToolsUtils.js:109:14\nLine: 781, column: 0"
Handler function DebuggerProgressListener.prototype.onStateChange threw an exception: [Exception... "Component returned failure code: 0x80004002 (NS_NOINTERFACE) [nsIWebProgress.DOMWindow]"  nsresult: "0x80004002 (NS_NOINTERFACE)"  location: "JS frame :: resource://devtools/shared/base-loader.js -> resource://devtools/server/actors/tab.js :: DebuggerProgressListener.prototype.onStateChange< :: line 1667"  data: no]
Stack: DebuggerProgressListener.prototype.onStateChange<@resource://devtools/shared/base-loader.js -> resource://devtools/server/actors/tab.js:1667:9
exports.makeInfallible/<@resource://devtools/shared/base-loader.js -> resource://devtools/shared/ThreadSafeDevToolsUtils.js:109:14
Line: 1667, column: 0
console.error: "Handler function DebuggerProgressListener.prototype.onStateChange threw an exception: [Exception... \"Component returned failure code: 0x80004002 (NS_NOINTERFACE) [nsIWebProgress.DOMWindow]\"  nsresult: \"0x80004002 (NS_NOINTERFACE)\"  location: \"JS frame :: resource://devtools/shared/base-loader.js -> resource://devtools/server/actors/tab.js :: DebuggerProgressListener.prototype.onStateChange< :: line 1667\"  data: no]\nStack: DebuggerProgressListener.prototype.onStateChange<@resource://devtools/shared/base-loader.js -> resource://devtools/server/actors/tab.js:1667:9\nexports.makeInfallible/<@resource://devtools/shared/base-loader.js -> resource://devtools/shared/ThreadSafeDevToolsUtils.js:109:14\nLine: 1667, column: 0"
[Parent 21852, Gecko_IOThread] WARNING: pipe error: 109: file z:/build/build/src/ipc/chromium/src/chrome/common/ipc_channel_win.cc, line 346
[Parent 21852, Gecko_IOThread] WARNING: pipe error: 109: file z:/build/build/src/ipc/chromium/src/chrome/common/ipc_channel_win.cc, line 346
[Parent 21852, Gecko_IOThread] WARNING: pipe error: 109: file z:/build/build/src/ipc/chromium/src/chrome/common/ipc_channel_win.cc, line 346
[Parent 21852, Gecko_IOThread] WARNING: pipe error: 109: file z:/build/build/src/ipc/chromium/src/chrome/common/ipc_channel_win.cc, line 346
JavaScript warning: https://a.pub.network/core/prebid-analytics-1.19.0.js, line 0: Successfully compiled asm.js code (total compilation time 62ms; stored in cache)
JavaScript warning: https://a.pub.network/core/prebid-analytics-1.19.0.js, line 0: Successfully compiled asm.js code (total compilation time 31ms; stored in cache)
JavaScript error: https://a.pub.network/core/prebid-analytics-1.19.0.js, line 37: TypeError: t.split(...)[1] is undefined
Handler function DebuggerProgressListener.prototype.onStateChange threw an exception: [Exception... "Component returned failure code: 0x80004002 (NS_NOINTERFACE) [nsIWebProgress.DOMWindow]"  nsresult: "0x80004002 (NS_NOINTERFACE)"  location: "JS frame :: resource://devtools/shared/base-loader.js -> resource://devtools/server/actors/tab.js :: _docShellToWindow :: line 781"  data: no]
Stack: _docShellToWindow@resource://devtools/shared/base-loader.js -> resource://devtools/server/actors/tab.js:781:9
_docShellsToWindows/<@resource://devtools/shared/base-loader.js -> resource://devtools/server/actors/tab.js:805:38
_docShellsToWindows@resource://devtools/shared/base-loader.js -> resource://devtools/server/actors/tab.js:805:12
_notifyDocShellsUpdate@resource://devtools/shared/base-loader.js -> resource://devtools/server/actors/tab.js:809:19
DebuggerProgressListener.prototype.onStateChange<@resource://devtools/shared/base-loader.js -> resource://devtools/server/actors/tab.js:1664:7
exports.makeInfallible/<@resource://devtools/shared/base-loader.js -> resource://devtools/shared/ThreadSafeDevToolsUtils.js:109:14
Line: 781, column: 0
console.error: "Handler function DebuggerProgressListener.prototype.onStateChange threw an exception: [Exception... \"Component returned failure code: 0x80004002 (NS_NOINTERFACE) [nsIWebProgress.DOMWindow]\"  nsresult: \"0x80004002 (NS_NOINTERFACE)\"  location: \"JS frame :: resource://devtools/shared/base-loader.js -> resource://devtools/server/actors/tab.js :: _docShellToWindow :: line 781\"  data: no]\nStack: _docShellToWindow@resource://devtools/shared/base-loader.js -> resource://devtools/server/actors/tab.js:781:9\n_docShellsToWindows/<@resource://devtools/shared/base-loader.js -> resource://devtools/server/actors/tab.js:805:38\n_docShellsToWindows@resource://devtools/shared/base-loader.js -> resource://devtools/server/actors/tab.js:805:12\n_notifyDocShellsUpdate@resource://devtools/shared/base-loader.js -> resource://devtools/server/actors/tab.js:809:19\nDebuggerProgressListener.prototype.onStateChange<@resource://devtools/shared/base-loader.js -> resource://devtools/server/actors/tab.js:1664:7\nexports.makeInfallible/<@resource://devtools/shared/base-loader.js -> resource://devtools/shared/ThreadSafeDevToolsUtils.js:109:14\nLine: 781, column: 0"
Handler function DebuggerProgressListener.prototype.onStateChange threw an exception: [Exception... "Component returned failure code: 0x80004002 (NS_NOINTERFACE) [nsIWebProgress.DOMWindow]"  nsresult: "0x80004002 (NS_NOINTERFACE)"  location: "JS frame :: resource://devtools/shared/base-loader.js -> resource://devtools/server/actors/tab.js :: DebuggerProgressListener.prototype.onStateChange< :: line 1667"  data: no]
Stack: DebuggerProgressListener.prototype.onStateChange<@resource://devtools/shared/base-loader.js -> resource://devtools/server/actors/tab.js:1667:9
exports.makeInfallible/<@resource://devtools/shared/base-loader.js -> resource://devtools/shared/ThreadSafeDevToolsUtils.js:109:14
Line: 1667, column: 0
console.error: "Handler function DebuggerProgressListener.prototype.onStateChange threw an exception: [Exception... \"Component returned failure code: 0x80004002 (NS_NOINTERFACE) [nsIWebProgress.DOMWindow]\"  nsresult: \"0x80004002 (NS_NOINTERFACE)\"  location: \"JS frame :: resource://devtools/shared/base-loader.js -> resource://devtools/server/actors/tab.js :: DebuggerProgressListener.prototype.onStateChange< :: line 1667\"  data: no]\nStack: DebuggerProgressListener.prototype.onStateChange<@resource://devtools/shared/base-loader.js -> resource://devtools/server/actors/tab.js:1667:9\nexports.makeInfallible/<@resource://devtools/shared/base-loader.js -> resource://devtools/shared/ThreadSafeDevToolsUtils.js:109:14\nLine: 1667, column: 0"
[Parent 21852, Gecko_IOThread] WARNING: pipe error: 109: file z:/build/build/src/ipc/chromium/src/chrome/common/ipc_channel_win.cc, line 346
JavaScript warning: https://a.pub.network/core/prebid-analytics-1.19.0.js, line 0: Successfully compiled asm.js code (loaded from cache in 1025ms)
JavaScript warning: https://a.pub.network/core/prebid-analytics-1.19.0.js, line 0: Successfully compiled asm.js code (loaded from cache in 816ms)
Handler function DebuggerProgressListener.prototype.onStateChange threw an exception: [Exception... "Component returned failure code: 0x80004002 (NS_NOINTERFACE) [nsIWebProgress.DOMWindow]"  nsresult: "0x80004002 (NS_NOINTERFACE)"  location: "JS frame :: resource://devtools/shared/base-loader.js -> resource://devtools/server/actors/tab.js :: _docShellToWindow :: line 781"  data: no]
Stack: _docShellToWindow@resource://devtools/shared/base-loader.js -> resource://devtools/server/actors/tab.js:781:9
_docShellsToWindows/<@resource://devtools/shared/base-loader.js -> resource://devtools/server/actors/tab.js:805:38
_docShellsToWindows@resource://devtools/shared/base-loader.js -> resource://devtools/server/actors/tab.js:805:12
_notifyDocShellsUpdate@resource://devtools/shared/base-loader.js -> resource://devtools/server/actors/tab.js:809:19
DebuggerProgressListener.prototype.onStateChange<@resource://devtools/shared/base-loader.js -> resource://devtools/server/actors/tab.js:1664:7
exports.makeInfallible/<@resource://devtools/shared/base-loader.js -> resource://devtools/shared/ThreadSafeDevToolsUtils.js:109:14
Line: 781, column: 0
console.error: "Handler function DebuggerProgressListener.prototype.onStateChange threw an exception: [Exception... \"Component returned failure code: 0x80004002 (NS_NOINTERFACE) [nsIWebProgress.DOMWindow]\"  nsresult: \"0x80004002 (NS_NOINTERFACE)\"  location: \"JS frame :: resource://devtools/shared/base-loader.js -> resource://devtools/server/actors/tab.js :: _docShellToWindow :: line 781\"  data: no]\nStack: _docShellToWindow@resource://devtools/shared/base-loader.js -> resource://devtools/server/actors/tab.js:781:9\n_docShellsToWindows/<@resource://devtools/shared/base-loader.js -> resource://devtools/server/actors/tab.js:805:38\n_docShellsToWindows@resource://devtools/shared/base-loader.js -> resource://devtools/server/actors/tab.js:805:12\n_notifyDocShellsUpdate@resource://devtools/shared/base-loader.js -> resource://devtools/server/actors/tab.js:809:19\nDebuggerProgressListener.prototype.onStateChange<@resource://devtools/shared/base-loader.js -> resource://devtools/server/actors/tab.js:1664:7\nexports.makeInfallible/<@resource://devtools/shared/base-loader.js -> resource://devtools/shared/ThreadSafeDevToolsUtils.js:109:14\nLine: 781, column: 0"
Handler function DebuggerProgressListener.prototype.onStateChange threw an exception: [Exception... "Component returned failure code: 0x80004002 (NS_NOINTERFACE) [nsIWebProgress.DOMWindow]"  nsresult: "0x80004002 (NS_NOINTERFACE)"  location: "JS frame :: resource://devtools/shared/base-loader.js -> resource://devtools/server/actors/tab.js :: DebuggerProgressListener.prototype.onStateChange< :: line 1667"  data: no]
Stack: DebuggerProgressListener.prototype.onStateChange<@resource://devtools/shared/base-loader.js -> resource://devtools/server/actors/tab.js:1667:9
exports.makeInfallible/<@resource://devtools/shared/base-loader.js -> resource://devtools/shared/ThreadSafeDevToolsUtils.js:109:14
Line: 1667, column: 0
console.error: "Handler function DebuggerProgressListener.prototype.onStateChange threw an exception: [Exception... \"Component returned failure code: 0x80004002 (NS_NOINTERFACE) [nsIWebProgress.DOMWindow]\"  nsresult: \"0x80004002 (NS_NOINTERFACE)\"  location: \"JS frame :: resource://devtools/shared/base-loader.js -> resource://devtools/server/actors/tab.js :: DebuggerProgressListener.prototype.onStateChange< :: line 1667\"  data: no]\nStack: DebuggerProgressListener.prototype.onStateChange<@resource://devtools/shared/base-loader.js -> resource://devtools/server/actors/tab.js:1667:9\nexports.makeInfallible/<@resource://devtools/shared/base-loader.js -> resource://devtools/shared/ThreadSafeDevToolsUtils.js:109:14\nLine: 1667, column: 0"
Unable to read VR Path Registry from C:\Users\thorn\AppData\Local\openvr\openvrpaths.vrpath
IPDL protocol error: Handler returned error code!

###!!! [Parent][DispatchAsyncMessage] Error: PAPZCTreeManager::Msg_SetTargetAPZC Processing error: message was deserialized, but the handler returned false (indicating failure)

IPDL protocol error: Handler returned error code!

###!!! [Parent][DispatchAsyncMessage] Error: PAPZCTreeManager::Msg_SetTargetAPZC Processing error: message was deserialized, but the handler returned false (indicating failure)

JavaScript error: https://s1.adform.net/banners/scripts/adx.js, line 39: NS_ERROR_FAILURE: 
IPDL protocol error: Handler returned error code!

###!!! [Parent][DispatchAsyncMessage] Error: PAPZCTreeManager::Msg_SetTargetAPZC Processing error: message was deserialized, but the handler returned false (indicating failure)

IPDL protocol error: Handler returned error code!

###!!! [Parent][DispatchAsyncMessage] Error: PAPZCTreeManager::Msg_SetTargetAPZC Processing error: message was deserialized, but the handler returned false (indicating failure)

IPDL protocol error: Handler returned error code!

###!!! [Parent][DispatchAsyncMessage] Error: PAPZCTreeManager::Msg_SetTargetAPZC Processing error: message was deserialized, but the handler returned false (indicating failure)

[Parent 21852, Gecko_IOThread] WARNING: pipe error: 109: file z:/build/build/src/ipc/chromium/src/chrome/common/ipc_channel_win.cc, line 346
Unable to read VR Path Registry from C:\Users\thorn\AppData\Local\openvr\openvrpaths.vrpath
[Parent 21852, Gecko_IOThread] WARNING: pipe error: 109: file z:/build/build/src/ipc/chromium/src/chrome/common/ipc_channel_win.cc, line 346
[Parent 21852, Gecko_IOThread] WARNING: pipe error: 109: file z:/build/build/src/ipc/chromium/src/chrome/common/ipc_channel_win.cc, line 346
[Parent 21852, Gecko_IOThread] WARNING: pipe error: 109: file z:/build/build/src/ipc/chromium/src/chrome/common/ipc_channel_win.cc, line 346
[Parent 21852, Gecko_IOThread] WARNING: pipe error: 109: file z:/build/build/src/ipc/chromium/src/chrome/common/ipc_channel_win.cc, line 346
JavaScript warning: https://www.tinglysning.dk/tinglysning/unprotected/resources/js/jquery-1.3.2.min.js, line 19: unreachable code after return statement
JavaScript error: https://www.tinglysning.dk/tinglysning/unprotected/resources/js/jquery-1.3.2.min.js, line 19: TypeError: document.body is null
JavaScript warning: https://www.tinglysning.dk/tinglysning/unprotected/resources/js/jquery-1.3.2.min.js, line 19: unreachable code after return statement
[Parent 21852, Gecko_IOThread] WARNING: pipe error: 109: file z:/build/build/src/ipc/chromium/src/chrome/common/ipc_channel_win.cc, line 346
[Parent 21852, Gecko_IOThread] WARNING: pipe error: 109: file z:/build/build/src/ipc/chromium/src/chrome/common/ipc_channel_win.cc, line 346
[Parent 21852, Gecko_IOThread] WARNING: pipe error: 109: file z:/build/build/src/ipc/chromium/src/chrome/common/ipc_channel_win.cc, line 346
[Parent 21852, Gecko_IOThread] WARNING: pipe error: 109: file z:/build/build/src/ipc/chromium/src/chrome/common/ipc_channel_win.cc, line 346
[Parent 21852, Gecko_IOThread] WARNING: pipe error: 109: file z:/build/build/src/ipc/chromium/src/chrome/common/ipc_channel_win.cc, line 346
[Parent 21852, Gecko_IOThread] WARNING: pipe error: 109: file z:/build/build/src/ipc/chromium/src/chrome/common/ipc_channel_win.cc, line 346
[Parent 21852, Gecko_IOThread] WARNING: pipe error: 109: file z:/build/build/src/ipc/chromium/src/chrome/common/ipc_channel_win.cc, line 346
JavaScript warning: http://www.tinglysningsretten.dk/tinglysning/faq/Pages/default.aspx, line 181: unreachable code after return statement
JavaScript warning: http://www.tinglysningsretten.dk/tinglysning/Pages/default.aspx, line 187: unreachable code after return statement
JavaScript warning: http://www.tinglysningsretten.dk/om/Pages/default.aspx, line 179: unreachable code after return statement
JavaScript warning: https://www.google.com/maps, line 3113: Error: WebGL warning: texSubImage2D: Texture has not been initialized prior to a partial upload, forcing the browser to clear it. This may be slow.
JavaScript warning: https://www.google.com/maps, line 3113: Error: WebGL warning: texSubImage2D: This operation requires zeroing texture data. This is slow.
JavaScript warning: https://www.google.com/maps, line 3112: Error: WebGL warning: texSubImage2D: Texture has not been initialized prior to a partial upload, forcing the browser to clear it. This may be slow.
JavaScript warning: https://www.google.com/maps, line 3112: Error: WebGL warning: texSubImage2D: This operation requires zeroing texture data. This is slow.
JavaScript warning: https://www.google.com/maps, line 3113: Error: WebGL warning: texSubImage2D: Texture has not been initialized prior to a partial upload, forcing the browser to clear it. This may be slow.
JavaScript warning: https://www.google.com/maps, line 3113: Error: WebGL warning: texSubImage2D: This operation requires zeroing texture data. This is slow.
JavaScript warning: https://www.google.com/maps, line 3113: Error: WebGL warning: texSubImage2D: Texture has not been initialized prior to a partial upload, forcing the browser to clear it. This may be slow.
JavaScript warning: https://www.google.com/maps, line 3113: Error: WebGL warning: texSubImage2D: This operation requires zeroing texture data. This is slow.
JavaScript warning: https://www.google.com/maps, line 3113: Error: WebGL warning: texSubImage2D: Texture has not been initialized prior to a partial upload, forcing the browser to clear it. This may be slow.
JavaScript warning: https://www.google.com/maps, line 3113: Error: WebGL warning: texSubImage2D: This operation requires zeroing texture data. This is slow.
JavaScript warning: https://www.google.com/maps, line 3113: Error: WebGL warning: texSubImage2D: Texture has not been initialized prior to a partial upload, forcing the browser to clear it. This may be slow.
JavaScript warning: https://www.google.com/maps, line 3113: Error: WebGL warning: texSubImage2D: This operation requires zeroing texture data. This is slow.
WARN: rx::HLSLCompiler::compileToBinary(228): 
C:\fakepath(89,32-87): warning X3571: pow(f, e) will not work for negative f, use abs(f) or conditionally handle negative values if you expect them

WARN: rx::HLSLCompiler::compileToBinary(228): 
C:\fakepath(167,32-88): warning X3571: pow(f, e) will not work for negative f, use abs(f) or conditionally handle negative values if you expect them
C:\fakepath(168,32-88): warning X3571: pow(f, e) will not work for negative f, use abs(f) or conditionally handle negative values if you expect them

JavaScript warning: https://www.google.com/maps, line 3131: Error: WebGL warning: copyTexSubImage2D: Texture has not been initialized prior to a partial upload, forcing the browser to clear it. This may be slow.
JavaScript warning: https://www.google.com/maps, line 3131: Error: WebGL warning: copyTexSubImage2D: This operation requires zeroing texture data. This is slow.
JavaScript warning: https://www.google.com/maps, line 3113: Error: WebGL warning: texSubImage2D: Alpha-premult and y-flip are deprecated for non-DOM-Element uploads.
JavaScript warning: https://www.google.com/maps, line 3113: Error: WebGL warning: texSubImage2D: Alpha-premult and y-flip are deprecated for non-DOM-Element uploads.
JavaScript warning: https://www.google.com/maps, line 3113: Error: WebGL warning: texSubImage2D: Alpha-premult and y-flip are deprecated for non-DOM-Element uploads.
JavaScript warning: https://www.google.com/maps, line 3113: Error: WebGL warning: texSubImage2D: Alpha-premult and y-flip are deprecated for non-DOM-Element uploads.
JavaScript warning: https://www.google.com/maps, line 3113: Error: WebGL warning: texSubImage2D: Alpha-premult and y-flip are deprecated for non-DOM-Element uploads.
JavaScript warning: https://www.google.com/maps, line 3113: Error: WebGL warning: texSubImage2D: Alpha-premult and y-flip are deprecated for non-DOM-Element uploads.
JavaScript warning: https://www.google.com/maps, line 3113: Error: WebGL warning: texSubImage2D: Alpha-premult and y-flip are deprecated for non-DOM-Element uploads.
JavaScript warning: https://www.google.com/maps, line 3113: Error: WebGL warning: texSubImage2D: Alpha-premult and y-flip are deprecated for non-DOM-Element uploads.
JavaScript warning: https://www.google.com/maps, line 3113: Error: WebGL warning: texSubImage2D: Alpha-premult and y-flip are deprecated for non-DOM-Element uploads.
JavaScript warning: https://www.google.com/maps, line 3113: Error: WebGL warning: texSubImage2D: Alpha-premult and y-flip are deprecated for non-DOM-Element uploads.
JavaScript warning: https://www.google.com/maps, line 3113: Error: WebGL warning: texSubImage2D: Alpha-premult and y-flip are deprecated for non-DOM-Element uploads.
JavaScript warning: https://www.google.com/maps, line 3113: Error: WebGL warning: texSubImage2D: Alpha-premult and y-flip are deprecated for non-DOM-Element uploads.
JavaScript warning: https://www.google.com/maps, line 3113: Error: WebGL warning: texSubImage2D: Alpha-premult and y-flip are deprecated for non-DOM-Element uploads.
JavaScript warning: https://www.google.com/maps, line 3113: Error: WebGL warning: texSubImage2D: Alpha-premult and y-flip are deprecated for non-DOM-Element uploads.
JavaScript warning: https://www.google.com/maps, line 3113: Error: WebGL warning: texSubImage2D: Alpha-premult and y-flip are deprecated for non-DOM-Element uploads.
JavaScript warning: https://www.google.com/maps, line 3113: Error: WebGL warning: texSubImage2D: Alpha-premult and y-flip are deprecated for non-DOM-Element uploads.
JavaScript warning: https://www.google.com/maps, line 3113: Error: WebGL warning: texSubImage2D: Alpha-premult and y-flip are deprecated for non-DOM-Element uploads.
JavaScript warning: https://www.google.com/maps, line 3113: Error: WebGL warning: texSubImage2D: Alpha-premult and y-flip are deprecated for non-DOM-Element uploads.
JavaScript warning: https://www.google.com/maps, line 3113: Error: WebGL: No further warnings will be reported for this WebGL context. (already reported 32 warnings)
WARN: rx::HLSLCompiler::compileToBinary(228): 
C:\fakepath(89,32-87): warning X3571: pow(f, e) will not work for negative f, use abs(f) or conditionally handle negative values if you expect them

WARN: rx::HLSLCompiler::compileToBinary(228): 
C:\fakepath(214,32-88): warning X3571: pow(f, e) will not work for negative f, use abs(f) or conditionally handle negative values if you expect them
C:\fakepath(215,32-88): warning X3571: pow(f, e) will not work for negative f, use abs(f) or conditionally handle negative values if you expect them

[Parent 21852, Gecko_IOThread] WARNING: pipe error: 109: file z:/build/build/src/ipc/chromium/src/chrome/common/ipc_channel_win.cc, line 346
JavaScript warning: https://ajax.googleapis.com/ajax/libs/jquery/1.10.2/jquery.min.js, line 1: Using //@ to indicate sourceMappingURL pragmas is deprecated. Use //# instead
[Parent 21852, Gecko_IOThread] WARNING: pipe error: 109: file z:/build/build/src/ipc/chromium/src/chrome/common/ipc_channel_win.cc, line 346
[Parent 21852, Gecko_IOThread] WARNING: pipe error: 109: file z:/build/build/src/ipc/chromium/src/chrome/common/ipc_channel_win.cc, line 346
JavaScript error: https://www.bolignet.dk/scripts/common.js, line 266: TypeError: $zopim.livechat is undefined
[Parent 21852, Gecko_IOThread] WARNING: pipe error: 109: file z:/build/build/src/ipc/chromium/src/chrome/common/ipc_channel_win.cc, line 346
[Parent 21852, Gecko_IOThread] WARNING: pipe error: 109: file z:/build/build/src/ipc/chromium/src/chrome/common/ipc_channel_win.cc, line 346
[Parent 21852, Gecko_IOThread] WARNING: pipe error: 109: file z:/build/build/src/ipc/chromium/src/chrome/common/ipc_channel_win.cc, line 346
[Parent 21852, Gecko_IOThread] WARNING: pipe error: 109: file z:/build/build/src/ipc/chromium/src/chrome/common/ipc_channel_win.cc, line 346
[Parent 21852, Gecko_IOThread] WARNING: pipe error: 109: file z:/build/build/src/ipc/chromium/src/chrome/common/ipc_channel_win.cc, line 346
[Parent 21852, Gecko_IOThread] WARNING: pipe error: 109: file z:/build/build/src/ipc/chromium/src/chrome/common/ipc_channel_win.cc, line 346

###!!! [Parent][MessageChannel] Error: (msgtype=0x16008C,name=PBrowser::Msg_UpdateNativeWindowHandle) Closed channel: cannot send/recv

[Ch
###!!! [Parent][MessageChannel] Error: (msgtype=0x16007F,name=PBrowser::Msg_Destroy) Closed channel: cannot send/recv

ild 25612, Chrome_ChildThread] WARNING: pipe error: 109: file z:/build/build/src/ipc/chromium/src/chrome/common/ipc_channel_win.cc, line 346

###!!! [Parent][MessageChannel] Error: (msgtype=0x16008C,name=PBrowser::Msg_UpdateNativeWindowHandle) Closed channel: cannot send/recv


###!!! [Parent][MessageChannel] Error: (msgtype=0x16007F,name=PBrowser::Msg_Destroy) Closed channel: cannot send/recv


###!!! [Parent][MessageChannel] Error: (msgtype=0x16008C,name=PBrowser::Msg_UpdateNativeWindowHandle) Closed channel: cannot send/recv


###!!! [Parent][MessageChannel] Error: (msgtype=0x16007F,name=PBrowser::Msg_Destroy) Closed channel: cannot send/recv


###!!! [Child][MessageChannel] Error: (msgtype=0x2D00B0,name=PContent::Msg_ScriptError) Channel closing: too late to send/recv, messages will be lost


###!!! [Child][RunMessage] Error: Channel closing: too late to send/recv, messages will be lost


###!!! [Child][MessageChannel] Error: (msgtype=0x2D00B0,name=PContent::Msg_ScriptError) Channel closing: too late to send/recv, messages will be lost


###!!! [Child][RunMessage] Error: Channel closing: too late to send/recv, messages will be lost

[Child 25612, Chrome_ChildThread] WARNING: pipe error: 109: file z:/build/build/src/ipc/chromium/src/chrome/common/ipc_channel_win.cc, line 346

###!!! [Child][MessageChannel] Error: (msgtype=0x160001,name=PBrowser::Msg_AsyncMessage) Closed channel: cannot send/recv

JavaScript error: chrome://browser/content/tab-content.js, line 282: NS_ERROR_UNEXPECTED: 

###!!! [Child][MessageChannel] Error: (msgtype=0x160001,name=PBrowser::Msg_AsyncMessage) Closed channel: cannot send/recv

JavaScript error: chrome://browser/content/content.js, line 963: NS_ERROR_UNEXPECTED: 
[Parent 21852, Gecko_IOThread] WARNING: pipe error: 109: file z:/build/build/src/ipc/chromium/src/chrome/common/ipc_channel_win.cc, line 346

###!!! [Parent][MessageChannel] Error: (msgtype=0x16008C,name=PBrowser::Msg_UpdateNativeWindowHandle) Closed channel: cannot send/recv


###!!! [Parent][MessageChannel] Error: (msgtype=0x16007F,name=PBrowser::Msg_Destroy) Closed channel: cannot send/recv


###!!! [Parent][MessageChannel] Error: (msgtype=0x16008C,name=PBrowser::Msg_UpdateNativeWindowHandle) Closed channel: cannot send/recv


###!!! [Parent][MessageChannel] Error: (msgtype=0x16007F,name=PBrowser::Msg_Destroy) Closed channel: cannot send/recv


###!!! [Parent][MessageChannel] Error: (msgtype=0x16008C,name=PBrowser::Msg_UpdateNativeWindowHandle) Closed channel: cannot send/recv


###!!! [Parent][MessageChannel] Error: (msgtype=0x16007F,name=PBrowser::Msg_Destroy) Closed channel: cannot send/recv

[Child 2952, Chrome_ChildThread] WARNING: pipe error: 109: file z:/build/build/src/ipc/chromium/src/chrome/common/ipc_channel_win.cc, line 346
[Child 2952, Chrome_ChildThread] WARNING: pipe error: 109: file z:/build/build/src/ipc/chromium/src/chrome/common/ipc_channel_win.cc, line 346

###!!! [Child][MessageChannel] Error: (msgtype=0x160001,name=PBrowser::Msg_AsyncMessage) Closed channel: cannot send/recv

JavaScript error: chrome://browser/content/tab-content.js, line 282: NS_ERROR_UNEXPECTED: 

###!!! [Child][MessageChannel] Error: (msgtype=0x160001,name=PBrowser::Msg_AsyncMessage) Closed channel: cannot send/recv

JavaScript error: chrome://browser/content/content.js, line 963: NS_ERROR_UNEXPECTED: 

###!!! [Child][MessageChannel] Error: (msgtype=0x160001,name=PBrowser::Msg_AsyncMessage) Closed channel: cannot send/recv

JavaScript error: chrome://browser/content/tab-content.js, line 282: NS_ERROR_UNEXPECTED: 

###!!! [Child][MessageChannel] Error: (msgtype=0x160001,name=PBrowser::Msg_AsyncMessage) Closed channel: cannot send/recv

JavaScript error: chrome://browser/content/content.js, line 963: NS_ERROR_UNEXPECTED: 
[Parent 21852, Gecko_IOThread] WARNING: pipe error: 109: file z:/build/build/src/ipc/chromium/src/chrome/common/ipc_channel_win.cc, line 346

###!!! [Parent][MessageChannel] Error: (msgtype=0x16008C,name=PBrowser::Msg_UpdateNativeWindowHandle) Closed channel: cannot send/recv


###!!! [Parent][MessageChannel] Error: (msgtype=0x16007F,name=PBrowser::Msg_Destroy) Closed channel: cannot send/recv

[Child 15480, Chrome_ChildThread] WARNING: pipe error: 109: file z:/build/build/src/ipc/chromium/src/chrome/common/ipc_channel_win.cc, line 346

###!!! [Parent][MessageChannel] Error: (msgtype=0x16008C,name=PBrowser::Msg_UpdateNativeWindowHandle) Closed channel: cannot send/recv


###!!! [Parent][MessageChannel] Error: (msgtype=0x16007F,name=PBrowser::Msg_Destroy) Closed channel: cannot send/recv


###!!! [Parent][MessageChannel] Error: (msgtype=0x16008C,name=PBrowser::Msg_UpdateNativeWindowHandle) Closed channel: cannot send/recv


###!!! [Parent][MessageChannel] Error: (msgtype=0x16007F,name=PBrowser::Msg_Destroy) Closed channel: cannot send/recv

[Child 15480, Chrome_ChildThread] WARNING: pipe error: 109: file z:/build/build/src/ipc/chromium/src/chrome/common/ipc_channel_win.cc, line 346

###!!! [Child][MessageChannel] Error: (msgtype=0x160001,name=PBrowser::Msg_AsyncMessage) Closed channel: cannot send/recv

JavaScript error: chrome://browser/content/tab-content.js, line 282: NS_ERROR_UNEXPECTED: 

###!!! [Child][MessageChannel] Error: (msgtype=0x160001,name=PBrowser::Msg_AsyncMessage) Closed channel: cannot send/recv

JavaScript error: chrome://browser/content/content.js, line 963: NS_ERROR_UNEXPECTED: 
[Parent 21852, Gecko_IOThread] WARNING: pipe error: 109: file z:/build/build/src/ipc/chromium/src/chrome/common/ipc_channel_win.cc, line 346

###!!! [Parent][MessageChannel] Error: (msgtype=0x16008C,name=PBrowser::Msg_UpdateNativeWindowHandle) Closed channel: cannot send/recv


###!!! [Parent][MessageChannel] Error: (msgtype=0x16007F,name=PBrowser::Msg_Destroy) Closed channel: cannot send/recv

[Child 20664, Chrome_ChildThread] WARNING: pipe error: 109: file z:/build/build/src/ipc/chromium/src/chrome/co
###!!! [Parent][MessageChannel] Error: (msgtype=0x16008C,name=PBrowser::Msg_UpdateNativeWindowHandle) Closed channel: cannot send/recv

mm
###!!! [Parent][MessageChannel] Error: (msgtype=0x16007F,name=PBrowser::Msg_Destroy) Closed channel: cannot send/recv

on/ipc_channel_win.cc, line 346

###!!! [Parent][MessageChannel] Error: (msgtype=0x16008C,name=PBrowser::Msg_UpdateNativeWindowHandle) Closed channel: cannot send/recv


###!!! [Parent][MessageChannel] Error: (msgtype=0x16007F,name=PBrowser::Msg_Destroy) Closed channel: cannot send/recv

[Child 20664, Chrome_ChildThread] WARNING: pipe error: 109: file z:/build/build/src/ipc/chromium/src/chrome/common/ipc_channel_win.cc, line 346

###!!! [Child][MessageChannel] Error: (msgtype=0x16002B,name=PBrowser::Msg_SetInputContext) Closed channel: cannot send/recv


###!!! [Child][MessageChannel] Error: (msgtype=0x160001,name=PBrowser::Msg_AsyncMessage) Closed channel: cannot send/recv

JavaScript error: chrome://browser/content/tab-co
###!!! [Child][MessageChannel] Error: (msgtype=0x16002B,name=PBrowser::Msg_SetInputContext) Closed channel: cannot send/recv

ntent.js, line 282: NS_ERROR_UNEXPECTED: 

###!!! [Child][MessageChannel] Error: (msgtype=0x160001,name=PBrowser::Msg_AsyncMessage) Closed channel: cannot send/recv

JavaScript error: chrome://browser/content/content.js, line 963: NS_ERROR_UNEXPECTED: 

###!!! [Child][MessageChannel] Error: (msgtype=0x16002B,name=PBrowser::Msg_SetInputContext) Closed channel: cannot send/recv


###!!! [Child][MessageChannel] Error: (msgtype=0x160001,name=PBrowser::Msg_AsyncMessage) Closed channel: cannot send/recv

JavaScript error: chrome://browser/content/tab-content.js, line 282: NS_ERROR_UNEXPECTED: 

###!!! [Child][MessageChannel] Error: (msgtype=0x160001,name=PBrowser::Msg_AsyncMessage) Closed channel: cannot send/recv

JavaScript error: chrome://browser/content/content.js, line 963: NS_ERROR_UNEXPECTED: 

###!!! [Child][MessageChannel] Error: (msgtype=0x160001,name=PBrowser::Msg_AsyncMessage) Closed channel: cannot send/recv

JavaScript error: chrome://browser/content/tab-content.js, line 282: NS_ERROR_UNEXPECTED: 

###!!! [Child][MessageChannel] Error: (msgtype=0x160001,name=PBrowser::Msg_AsyncMessage) Closed channel: cannot send/recv

JavaScript error: chrome://browser/content/content.js, line 963: NS_ERROR_UNEXPECTED: 

###!!! [Child][MessageChannel] Error: (msgtype=0x160001,name=PBrowser::Msg_AsyncMessage) Closed channel: cannot send/recv

JavaScript error: chrome://browser/content/tab-content.js, line 282: NS_ERROR_UNEXPECTED: 

###!!! [Child][MessageChannel] Error: (msgtype=0x160001,name=PBrowser::Msg_AsyncMessage) Closed channel: cannot send/recv

JavaScript error: chrome://browser/content/content.js, line 963: NS_ERROR_UNEXPECTED: 

###!!! [Child][MessageChannel] Error: (msgtype=0x160001,name=PBrowser::Msg_AsyncMessage) Closed channel: cannot send/recv

JavaScript error: chrome://browser/content/tab-content.js, line 282: NS_ERROR_UNEXPECTED: 

###!!! [Child][MessageChannel] Error: (msgtype=0x160001,name=PBrowser::Msg_AsyncMessage) Closed channel: cannot send/recv

JavaScript error: chrome://browser/content/content.js, line 963: NS_ERROR_UNEXPECTED: 

###!!! [Child][MessageChannel] Error: (msgtype=0x160001,name=PBrowser::Msg_AsyncMessage) Closed channel: cannot send/recv

